{
  "uid" : "3bc56a747084d40f",
  "name" : "test_assem[参数{'pagesize': '0'}]",
  "fullName" : "aff.testcase.assem.test_assem.TestAssem#test_assem",
  "historyId" : "3c25329981da4b4e275bb7b004a802fa",
  "time" : {
    "start" : 1576500575513,
    "stop" : 1576500575833,
    "duration" : 320
  },
  "description" : "\n\t\t测试用例说明\n        :test_case: assem\n\n        ",
  "descriptionHtml" : "<pre><code>\t测试用例说明\n    :test_case: assem\n</code></pre>\n",
  "status" : "failed",
  "statusMessage" : "AssertionError: JSON格式校验，关键字data不在返回结果{'code': 999, 'msg': '参数page为空'}中",
  "statusTrace" : "self = <test_assem.TestAssem object at 0x10cfcc250>\ncase_param = {'pagesize': '0'}\n\n        @allure.story(\"assem\")\n        #@pytest.mark.flaky(reruns=3, reruns_delay=3)\n        @pytest.mark.parametrize(\"case_param\", data, ids=ids_data)\n        def test_assem(self, case_param):\n            \"\"\"\n    \t\t测试用例说明\n            :test_case: assem\n    \n            \"\"\"\n            self.init_relevance = ini_request(case_dict, PATH)\n            # 发送测试请求\n>           api_send_check(case_dict[\"test_case\"], case_dict, self.init_relevance, case_param, PATH)\n\naff/testcase/assem/test_assem.py:49: \n_ _ _ _ _ _ _ _ _ _ _ _ _ _ _ _ _ _ _ _ _ _ _ _ _ _ _ _ _ _ _ _ _ _ _ _ _ _ _ _ \nbin/unit/apiSendCheck.py:28: in api_send_check\n    checkResult.check_result(case[\"test_name\"], case[\"check\"], code, data, _path, relevance)\nbin/unit/checkResult.py:70: in check_result\n    check_json(expected_request, data)\n_ _ _ _ _ _ _ _ _ _ _ _ _ _ _ _ _ _ _ _ _ _ _ _ _ _ _ _ _ _ _ _ _ _ _ _ _ _ _ _ \n\nsrc_data = {'code': 0, 'data': {'contents': [{'desc': '海浪泳池，复古花园下午茶，登高望远的动物园以及复古造型惊艳动人的潮流商场，这些新晋的网红景点，成为了悉尼最新的地标。', 'favouriteNum...ike'}, {'name': '亲子游', 'value': '2'}, {'name': '自驾游', 'value': '3'}, {'name': '深度游', 'value': '1'}]}, 'msg': 'success'}\ndst_data = {'code': 999, 'msg': '参数page为空'}\n\n    def check_json(src_data, dst_data):\n    \t\"\"\"\n    \t校验的json\n    \t:param src_data: 检验内容\n    \t:param dst_data: 接口返回的数据\n    \t:return:\n    \t\"\"\"\n    \tif isinstance(src_data, dict):\n    \t\tfor key in src_data:\n    \t\t\tif key not in dst_data:\n    \t\t\t\t#raise Exception(\"JSON格式校验，关键字%s不在返回结果%s中\" % (key, dst_data))\n>   \t\t\t\tassert False,\"JSON格式校验，关键字%s不在返回结果%s中\" % (key, dst_data)\nE       AssertionError: JSON格式校验，关键字data不在返回结果{'code': 999, 'msg': '参数page为空'}中\n\nbin/unit/checkResult.py:26: AssertionError",
  "flaky" : false,
  "newFailed" : false,
  "beforeStages" : [ {
    "name" : "before",
    "time" : {
      "start" : 1576500575511,
      "stop" : 1576500575511,
      "duration" : 0
    },
    "status" : "passed",
    "steps" : [ ],
    "attachments" : [ ],
    "parameters" : [ ],
    "stepsCount" : 0,
    "attachmentsCount" : 0,
    "shouldDisplayMessage" : false,
    "hasContent" : false
  } ],
  "testStage" : {
    "description" : "\n\t\t测试用例说明\n        :test_case: assem\n\n        ",
    "status" : "failed",
    "statusMessage" : "AssertionError: JSON格式校验，关键字data不在返回结果{'code': 999, 'msg': '参数page为空'}中",
    "statusTrace" : "self = <test_assem.TestAssem object at 0x10cfcc250>\ncase_param = {'pagesize': '0'}\n\n        @allure.story(\"assem\")\n        #@pytest.mark.flaky(reruns=3, reruns_delay=3)\n        @pytest.mark.parametrize(\"case_param\", data, ids=ids_data)\n        def test_assem(self, case_param):\n            \"\"\"\n    \t\t测试用例说明\n            :test_case: assem\n    \n            \"\"\"\n            self.init_relevance = ini_request(case_dict, PATH)\n            # 发送测试请求\n>           api_send_check(case_dict[\"test_case\"], case_dict, self.init_relevance, case_param, PATH)\n\naff/testcase/assem/test_assem.py:49: \n_ _ _ _ _ _ _ _ _ _ _ _ _ _ _ _ _ _ _ _ _ _ _ _ _ _ _ _ _ _ _ _ _ _ _ _ _ _ _ _ \nbin/unit/apiSendCheck.py:28: in api_send_check\n    checkResult.check_result(case[\"test_name\"], case[\"check\"], code, data, _path, relevance)\nbin/unit/checkResult.py:70: in check_result\n    check_json(expected_request, data)\n_ _ _ _ _ _ _ _ _ _ _ _ _ _ _ _ _ _ _ _ _ _ _ _ _ _ _ _ _ _ _ _ _ _ _ _ _ _ _ _ \n\nsrc_data = {'code': 0, 'data': {'contents': [{'desc': '海浪泳池，复古花园下午茶，登高望远的动物园以及复古造型惊艳动人的潮流商场，这些新晋的网红景点，成为了悉尼最新的地标。', 'favouriteNum...ike'}, {'name': '亲子游', 'value': '2'}, {'name': '自驾游', 'value': '3'}, {'name': '深度游', 'value': '1'}]}, 'msg': 'success'}\ndst_data = {'code': 999, 'msg': '参数page为空'}\n\n    def check_json(src_data, dst_data):\n    \t\"\"\"\n    \t校验的json\n    \t:param src_data: 检验内容\n    \t:param dst_data: 接口返回的数据\n    \t:return:\n    \t\"\"\"\n    \tif isinstance(src_data, dict):\n    \t\tfor key in src_data:\n    \t\t\tif key not in dst_data:\n    \t\t\t\t#raise Exception(\"JSON格式校验，关键字%s不在返回结果%s中\" % (key, dst_data))\n>   \t\t\t\tassert False,\"JSON格式校验，关键字%s不在返回结果%s中\" % (key, dst_data)\nE       AssertionError: JSON格式校验，关键字data不在返回结果{'code': 999, 'msg': '参数page为空'}中\n\nbin/unit/checkResult.py:26: AssertionError",
    "steps" : [ {
      "name" : "POST请求接口",
      "time" : {
        "start" : 1576500575518,
        "stop" : 1576500575521,
        "duration" : 3
      },
      "status" : "passed",
      "steps" : [ ],
      "attachments" : [ {
        "uid" : "62fc949f67963c7a",
        "name" : "请求接口：",
        "source" : "62fc949f67963c7a.attach",
        "type" : "text/plain",
        "size" : 14
      }, {
        "uid" : "2cd4ffc3734a0da5",
        "name" : "请求地址",
        "source" : "2cd4ffc3734a0da5.attach",
        "type" : "text/plain",
        "size" : 39
      }, {
        "uid" : "1453b66effcce000",
        "name" : "请求头",
        "source" : "1453b66effcce000.attach",
        "type" : "text/plain",
        "size" : 591
      }, {
        "uid" : "28bc1104d6462b3c",
        "name" : "请求参数",
        "source" : "28bc1104d6462b3c.attach",
        "type" : "text/plain",
        "size" : 17
      } ],
      "parameters" : [ ],
      "stepsCount" : 0,
      "attachmentsCount" : 4,
      "shouldDisplayMessage" : false,
      "hasContent" : true
    }, {
      "name" : "JSON格式校验",
      "time" : {
        "start" : 1576500575829,
        "stop" : 1576500575833,
        "duration" : 4
      },
      "status" : "passed",
      "steps" : [ ],
      "attachments" : [ {
        "uid" : "bb6d6588ac6bcf05",
        "name" : "期望code",
        "source" : "bb6d6588ac6bcf05.attach",
        "type" : "text/plain",
        "size" : 3
      }, {
        "uid" : "855ed1c872ba263",
        "name" : "期望data",
        "source" : "855ed1c872ba263.attach",
        "type" : "text/plain",
        "size" : 42713
      }, {
        "uid" : "50a9530da472ba5c",
        "name" : "实际code",
        "source" : "50a9530da472ba5c.attach",
        "type" : "text/plain",
        "size" : 3
      }, {
        "uid" : "7313d3aa3256f0d2",
        "name" : "实际data",
        "source" : "7313d3aa3256f0d2.attach",
        "type" : "text/plain",
        "size" : 40
      } ],
      "parameters" : [ ],
      "stepsCount" : 0,
      "attachmentsCount" : 4,
      "shouldDisplayMessage" : false,
      "hasContent" : true
    } ],
    "attachments" : [ {
      "uid" : "a4b4877a059acdf2",
      "name" : "log",
      "source" : "a4b4877a059acdf2.txt",
      "type" : "text/plain",
      "size" : 2152
    } ],
    "parameters" : [ ],
    "stepsCount" : 2,
    "attachmentsCount" : 9,
    "shouldDisplayMessage" : true,
    "hasContent" : true
  },
  "afterStages" : [ ],
  "labels" : [ {
    "name" : "story",
    "value" : "assem"
  }, {
    "name" : "feature",
    "value" : "assem"
  }, {
    "name" : "parentSuite",
    "value" : "aff.testcase.assem"
  }, {
    "name" : "suite",
    "value" : "test_assem"
  }, {
    "name" : "subSuite",
    "value" : "TestAssem"
  }, {
    "name" : "host",
    "value" : "localhost"
  }, {
    "name" : "thread",
    "value" : "44461-MainThread"
  }, {
    "name" : "framework",
    "value" : "pytest"
  }, {
    "name" : "language",
    "value" : "cpython3"
  }, {
    "name" : "package",
    "value" : "aff.testcase.assem.test_assem"
  }, {
    "name" : "resultFormat",
    "value" : "allure2"
  } ],
  "parameters" : [ {
    "name" : "case_param",
    "value" : "{'pagesize': '0'}"
  } ],
  "links" : [ ],
  "hidden" : false,
  "retry" : false,
  "extra" : {
    "severity" : "normal",
    "retries" : [ ],
    "categories" : [ {
      "name" : "Product defects",
      "matchedStatuses" : [ "failed" ],
      "flaky" : false
    } ],
    "history" : {
      "statistic" : {
        "failed" : 9,
        "broken" : 9,
        "skipped" : 0,
        "passed" : 0,
        "unknown" : 0,
        "total" : 18
      },
      "items" : [ {
        "uid" : "6c6d1d3fa4a6f995",
        "reportUrl" : "http://localhost:8080/job/ms_api_pytest/71/allure/#testresult/6c6d1d3fa4a6f995",
        "status" : "failed",
        "statusDetails" : "AssertionError: JSON格式校验，关键字data不在返回结果{'code': 999, 'msg': '参数page为空'}中",
        "time" : {
          "start" : 1576500345324,
          "stop" : 1576500345660,
          "duration" : 336
        }
      }, {
        "uid" : "6411356f12672a9e",
        "reportUrl" : "http://localhost:8080/job/ms_api_pytest/64/allure/#testresult/6411356f12672a9e",
        "status" : "failed",
        "statusDetails" : "AssertionError: JSON格式校验，关键字data不在返回结果{'code': 999, 'msg': '参数page为空'}中",
        "time" : {
          "start" : 1576221965964,
          "stop" : 1576221966791,
          "duration" : 827
        }
      }, {
        "uid" : "cc050908fda832e5",
        "reportUrl" : "http://localhost:8080/job/ms_api_pytest/58/allure/#testresult/cc050908fda832e5",
        "status" : "failed",
        "statusDetails" : "AssertionError: JSON格式校验，关键字data不在返回结果{'code': 999, 'msg': '参数page为空'}中",
        "time" : {
          "start" : 1576208845844,
          "stop" : 1576208846298,
          "duration" : 454
        }
      }, {
        "uid" : "83e5b9e456485e37",
        "reportUrl" : "http://localhost:8080/job/ms_api_pytest/55/allure/#testresult/83e5b9e456485e37",
        "status" : "failed",
        "statusDetails" : "AssertionError: JSON格式校验，关键字data不在返回结果{'code': 999, 'msg': '参数page为空'}中",
        "time" : {
          "start" : 1576206718057,
          "stop" : 1576206718346,
          "duration" : 289
        }
      }, {
        "uid" : "385f4ea88940ffea",
        "reportUrl" : "http://localhost:8080/job/ms_api_pytest/54/allure/#testresult/385f4ea88940ffea",
        "status" : "failed",
        "statusDetails" : "AssertionError: JSON格式校验，关键字data不在返回结果{'code': 999, 'msg': '参数page为空'}中",
        "time" : {
          "start" : 1576206718057,
          "stop" : 1576206718346,
          "duration" : 289
        }
      } ]
    },
    "tags" : [ ]
  },
  "source" : "3bc56a747084d40f.json",
  "parameterValues" : [ "{'pagesize': '0'}" ]
}